Tue Dec 20 15:27:43 EET 2022 : Apache Derby Network Server - 10.11.1.2 - (1629631) started and ready to accept connections on port 1527
----------------------------------------------------------------
Tue Dec 20 15:27:44 EET 2022:
Booting Derby version The Apache Software Foundation - Apache Derby - 10.11.1.2 - (1629631): instance a816c00e-0185-2fb7-de4d-ffff817a128f 
on database directory C:\Users\USER\Documents\NetBeansProjects\Super.Market\SuperMarketdb with class loader sun.misc.Launcher$AppClassLoader@6f94fa3e 
Loaded from file:/C:/Program%20Files/Java/jdk1.8.0_111/db/lib/derby.jar
java.vendor=Oracle Corporation
java.runtime.version=1.8.0_111-b14
user.dir=C:\Program Files\Java\jdk1.8.0_111\db
os.name=Windows 10
os.arch=amd64
os.version=10.0
derby.system.home=C:\Users\USER\Documents\NetBeansProjects\Super.Market
Database Class Loader started - derby.database.classpath=''
----------------------------------------------------------------
Tue Dec 20 22:01:43 EET 2022: Shutting down Derby engine
----------------------------------------------------------------
Tue Dec 20 22:01:44 EET 2022:
Shutting down instance a816c00e-0185-2fb7-de4d-ffff817a128f on database directory C:\Users\USER\Documents\NetBeansProjects\Super.Market\SuperMarketdb with class loader sun.misc.Launcher$AppClassLoader@6f94fa3e 
----------------------------------------------------------------
